<?xml version="1.0" encoding="UTF-8"?>
<!-- Generated by org.testng.reporters.JUnitXMLReporter -->
<testsuite ignored="0" hostname="DESKTOP-RJVVR19" failures="1" tests="1" name="Test" time="9.216" errors="0" timestamp="2024-11-27T00:14:00 IST">
  <testcase classname="testCases.TC_001_AccountRegistrationTest" name="verify_account_registration" time="0.027">
    <failure type="java.lang.IllegalAccessError" message="class testCases.TC_001_AccountRegistrationTest (in unnamed module @0x7ca48474) cannot access class com.sun.tools.sjavac.Log (in module jdk.compiler) because module jdk.compiler does not export com.sun.tools.sjavac to unnamed module @0x7ca48474">
      <![CDATA[java.lang.IllegalAccessError: class testCases.TC_001_AccountRegistrationTest (in unnamed module @0x7ca48474) cannot access class com.sun.tools.sjavac.Log (in module jdk.compiler) because module jdk.compiler does not export com.sun.tools.sjavac to unnamed module @0x7ca48474
at testCases.TC_001_AccountRegistrationTest.verify_account_registration(TC_001_AccountRegistrationTest.java:25)
at java.base/java.util.ArrayList.forEach(ArrayList.java:1511)
... Removed 27 stack frames]]>
    </failure>
  </testcase> <!-- verify_account_registration -->
</testsuite> <!-- Test -->
