<?xml version="1.0" encoding="UTF-8"?>
<testng-results ignored="0" total="1" passed="0" failed="1" skipped="0">
  <reporter-output>
  </reporter-output>
  <suite started-at="2024-11-27T00:13:51 IST" name="Suite" finished-at="2024-11-27T00:14:00 IST" duration-ms="9216">
    <groups>
    </groups>
    <test started-at="2024-11-27T00:13:51 IST" name="Test" finished-at="2024-11-27T00:14:00 IST" duration-ms="9216">
      <class name="testCases.TC_001_AccountRegistrationTest">
        <test-method is-config="true" signature="setup()[pri:0, instance:testCases.TC_001_AccountRegistrationTest@3624da92]" started-at="2024-11-27T00:13:51 IST" name="setup" finished-at="2024-11-27T00:13:58 IST" duration-ms="7659" status="PASS">
          <reporter-output>
          </reporter-output>
        </test-method> <!-- setup -->
        <test-method signature="verify_account_registration()[pri:0, instance:testCases.TC_001_AccountRegistrationTest@3624da92]" started-at="2024-11-27T00:13:58 IST" name="verify_account_registration" finished-at="2024-11-27T00:13:59 IST" duration-ms="27" status="FAIL">
          <exception class="java.lang.IllegalAccessError">
            <message>
              <![CDATA[class testCases.TC_001_AccountRegistrationTest (in unnamed module @0x7ca48474) cannot access class com.sun.tools.sjavac.Log (in module jdk.compiler) because module jdk.compiler does not export com.sun.tools.sjavac to unnamed module @0x7ca48474]]>
            </message>
            <full-stacktrace>
              <![CDATA[java.lang.IllegalAccessError: class testCases.TC_001_AccountRegistrationTest (in unnamed module @0x7ca48474) cannot access class com.sun.tools.sjavac.Log (in module jdk.compiler) because module jdk.compiler does not export com.sun.tools.sjavac to unnamed module @0x7ca48474
at testCases.TC_001_AccountRegistrationTest.verify_account_registration(TC_001_AccountRegistrationTest.java:25)
at java.base/jdk.internal.reflect.NativeMethodAccessorImpl.invoke0(Native Method)
at java.base/jdk.internal.reflect.NativeMethodAccessorImpl.invoke(NativeMethodAccessorImpl.java:77)
at java.base/jdk.internal.reflect.DelegatingMethodAccessorImpl.invoke(DelegatingMethodAccessorImpl.java:43)
at java.base/java.lang.reflect.Method.invoke(Method.java:568)
at org.testng.internal.invokers.MethodInvocationHelper.invokeMethod(MethodInvocationHelper.java:141)
at org.testng.internal.invokers.TestInvoker.invokeMethod(TestInvoker.java:686)
at org.testng.internal.invokers.TestInvoker.invokeTestMethod(TestInvoker.java:230)
at org.testng.internal.invokers.MethodRunner.runInSequence(MethodRunner.java:63)
at org.testng.internal.invokers.TestInvoker$MethodInvocationAgent.invoke(TestInvoker.java:992)
at org.testng.internal.invokers.TestInvoker.invokeTestMethods(TestInvoker.java:203)
at org.testng.internal.invokers.TestMethodWorker.invokeTestMethods(TestMethodWorker.java:154)
at org.testng.internal.invokers.TestMethodWorker.run(TestMethodWorker.java:134)
at java.base/java.util.ArrayList.forEach(ArrayList.java:1511)
at org.testng.TestRunner.privateRun(TestRunner.java:739)
at org.testng.TestRunner.run(TestRunner.java:614)
at org.testng.SuiteRunner.runTest(SuiteRunner.java:421)
at org.testng.SuiteRunner.runSequentially(SuiteRunner.java:413)
at org.testng.SuiteRunner.privateRun(SuiteRunner.java:373)
at org.testng.SuiteRunner.run(SuiteRunner.java:312)
at org.testng.SuiteRunnerWorker.runSuite(SuiteRunnerWorker.java:52)
at org.testng.SuiteRunnerWorker.run(SuiteRunnerWorker.java:95)
at org.testng.TestNG.runSuitesSequentially(TestNG.java:1274)
at org.testng.TestNG.runSuitesLocally(TestNG.java:1208)
at org.testng.TestNG.runSuites(TestNG.java:1112)
at org.testng.TestNG.run(TestNG.java:1079)
at org.testng.remote.AbstractRemoteTestNG.run(AbstractRemoteTestNG.java:115)
at org.testng.remote.RemoteTestNG.initAndRun(RemoteTestNG.java:293)
at org.testng.remote.RemoteTestNG.main(RemoteTestNG.java:91)
]]>
            </full-stacktrace>
          </exception> <!-- java.lang.IllegalAccessError -->
          <reporter-output>
          </reporter-output>
        </test-method> <!-- verify_account_registration -->
        <test-method is-config="true" signature="tearDown()[pri:0, instance:testCases.TC_001_AccountRegistrationTest@3624da92]" started-at="2024-11-27T00:13:59 IST" name="tearDown" finished-at="2024-11-27T00:14:00 IST" duration-ms="1402" status="PASS">
          <reporter-output>
          </reporter-output>
        </test-method> <!-- tearDown -->
      </class> <!-- testCases.TC_001_AccountRegistrationTest -->
    </test> <!-- Test -->
  </suite> <!-- Suite -->
</testng-results>
